<?xml version="1.0" encoding="UTF-8"?>
<!-- Generated by org.testng.reporters.JUnitReportReporter -->
<testsuite hostname="EC2AMAZ-S11DBRH" failures="0" tests="1" name="testScripts.SampleTwoTest" time="13.143" errors="0" timestamp="2023-07-19T05:18:01 GMT" skipped="0">
  <testcase classname="testScripts.SampleTwoTest" name="javasearchtest" time="13.143"/>
  <system-out/>
</testsuite> <!-- testScripts.SampleTwoTest -->
