<?xml version="1.0" encoding="UTF-8"?>
<!-- Generated by org.testng.reporters.JUnitReportReporter -->
<testsuite hostname="EC2AMAZ-S11DBRH" failures="0" tests="4" name="testScripts.SampleFourTest" time="0.007" errors="0" timestamp="2023-07-18T07:20:00 GMT" skipped="0">
  <testcase classname="testScripts.SampleFourTest" name="test14" time="0.002"/>
  <system-out/>
  <testcase classname="testScripts.SampleFourTest" name="test44" time="0.002"/>
  <system-out/>
  <testcase classname="testScripts.SampleFourTest" name="test34" time="0.001"/>
  <system-out/>
  <testcase classname="testScripts.SampleFourTest" name="test24" time="0.002"/>
  <system-out/>
</testsuite> <!-- testScripts.SampleFourTest -->
