<?xml version="1.0" encoding="UTF-8"?>
<!-- Generated by org.testng.reporters.JUnitReportReporter -->
<testsuite hostname="EC2AMAZ-S11DBRH" failures="0" tests="4" name="testScripts.SampleThreeTest" time="0.013" errors="0" timestamp="2023-07-18T07:20:00 GMT" skipped="0">
  <testcase classname="testScripts.SampleThreeTest" name="test13" time="0.010"/>
  <system-out/>
  <testcase classname="testScripts.SampleThreeTest" name="test33" time="0.001"/>
  <system-out/>
  <testcase classname="testScripts.SampleThreeTest" name="test23" time="0.001"/>
  <system-out/>
  <testcase classname="testScripts.SampleThreeTest" name="test43" time="0.001"/>
  <system-out/>
</testsuite> <!-- testScripts.SampleThreeTest -->
