<?xml version="1.0" encoding="UTF-8"?>
<!-- Generated by org.testng.reporters.JUnitReportReporter -->
<testsuite hostname="EC2AMAZ-S11DBRH" failures="0" tests="4" name="parllelScripts.SampleThreeTest" time="0.017" errors="0" timestamp="2023-07-18T08:05:28 GMT" skipped="0">
  <testcase classname="parllelScripts.SampleThreeTest" name="testTwo" time="0.003"/>
  <system-out/>
  <testcase classname="parllelScripts.SampleThreeTest" name="testFour" time="0.010"/>
  <system-out/>
  <testcase classname="parllelScripts.SampleThreeTest" name="testOne" time="0.002"/>
  <system-out/>
  <testcase classname="parllelScripts.SampleThreeTest" name="testThree" time="0.002"/>
  <system-out/>
</testsuite> <!-- parllelScripts.SampleThreeTest -->
