<?xml version="1.0" encoding="UTF-8"?>
<!-- Generated by org.testng.reporters.JUnitReportReporter -->
<testsuite hostname="EC2AMAZ-S11DBRH" failures="0" tests="4" name="parllelScripts.SampleThreeTest" time="0.020" errors="0" timestamp="2023-07-19T05:50:35 GMT" skipped="0">
  <testcase classname="parllelScripts.SampleThreeTest" name="testFour" time="0.008"/>
  <system-out/>
  <testcase classname="parllelScripts.SampleThreeTest" name="testThree" time="0.003"/>
  <system-out/>
  <testcase classname="parllelScripts.SampleThreeTest" name="testTwo" time="0.005"/>
  <system-out/>
  <testcase classname="parllelScripts.SampleThreeTest" name="testOne" time="0.004"/>
  <system-out/>
</testsuite> <!-- parllelScripts.SampleThreeTest -->
