<?xml version="1.0" encoding="UTF-8"?>
<!-- Generated by org.testng.reporters.JUnitReportReporter -->
<testsuite hostname="EC2AMAZ-S11DBRH" failures="0" tests="4" name="parllelScripts.SampleTwoTest" time="0.022" errors="0" timestamp="2023-07-19T05:46:56 GMT" skipped="0">
  <testcase classname="parllelScripts.SampleTwoTest" name="testOne" time="0.003"/>
  <system-out/>
  <testcase classname="parllelScripts.SampleTwoTest" name="testThree" time="0.003"/>
  <system-out/>
  <testcase classname="parllelScripts.SampleTwoTest" name="testFour" time="0.010"/>
  <system-out/>
  <testcase classname="parllelScripts.SampleTwoTest" name="testTwo" time="0.006"/>
  <system-out/>
</testsuite> <!-- parllelScripts.SampleTwoTest -->
