<?xml version="1.0" encoding="UTF-8"?>
<!-- Generated by org.testng.reporters.JUnitReportReporter -->
<testsuite hostname="EC2AMAZ-S11DBRH" failures="0" tests="9" name="parllelScripts.SampleOneTest" time="0.079" errors="0" timestamp="2023-07-18T08:19:04 GMT" skipped="0">
  <testcase classname="parllelScripts.SampleOneTest" name="testFour" time="0.020"/>
  <system-out/>
  <testcase classname="parllelScripts.SampleOneTest" name="testFour" time="0.005"/>
  <system-out/>
  <testcase classname="parllelScripts.SampleOneTest" name="testFour" time="0.007"/>
  <system-out/>
  <testcase classname="parllelScripts.SampleOneTest" name="testThree" time="0.002"/>
  <system-out/>
  <testcase classname="parllelScripts.SampleOneTest" name="testTwo" time="0.002"/>
  <system-out/>
  <testcase classname="parllelScripts.SampleOneTest" name="testFour" time="0.019"/>
  <system-out/>
  <testcase classname="parllelScripts.SampleOneTest" name="testOne" time="0.002"/>
  <system-out/>
  <testcase classname="parllelScripts.SampleOneTest" name="testFour" time="0.019"/>
  <system-out/>
  <testcase classname="parllelScripts.SampleOneTest" name="testFour" time="0.003"/>
  <system-out/>
</testsuite> <!-- parllelScripts.SampleOneTest -->
